<?xml version="1.0" encoding="UTF-8" ?>
<testsuites name="vitest tests" tests="37" failures="0" errors="0" time="4.664">
    <testsuite name="test/unit/suites/components/layout/Column.test.js" timestamp="2023-03-09T15:52:06.463Z" hostname="baernrep-Precision-5550" tests="12" failures="0" errors="0" skipped="0" time="0.262">
        <testcase classname="test/unit/suites/components/layout/Column.test.js" name="Column.vue &gt; renders without classes and styles" time="0.063">
        </testcase>
        <testcase classname="test/unit/suites/components/layout/Column.test.js" name="Column.vue &gt; renders with classes and styles" time="0.011">
        </testcase>
        <testcase classname="test/unit/suites/components/layout/Column.test.js" name="Column.vue &gt; renders responsive grid classes" time="0.004">
        </testcase>
        <testcase classname="test/unit/suites/components/layout/Column.test.js" name="Column.vue &gt; renders default responsive grid class if no width defined" time="0.004">
        </testcase>
        <testcase classname="test/unit/suites/components/layout/Column.test.js" name="Column.vue &gt; renders views" time="0.019">
        </testcase>
        <testcase classname="test/unit/suites/components/layout/Column.test.js" name="Column.vue &gt; wraps multiple views" time="0.027">
        </testcase>
        <testcase classname="test/unit/suites/components/layout/Column.test.js" name="Column.vue &gt; renders child rows" time="0.009">
        </testcase>
        <testcase classname="test/unit/suites/components/layout/Column.test.js" name="Column.vue &gt; renders nested layouts" time="0.013">
        </testcase>
        <testcase classname="test/unit/suites/components/layout/Column.test.js" name="Column.vue &gt; does not render nested layouts which are missing" time="0.008">
        </testcase>
        <testcase classname="test/unit/suites/components/layout/Column.test.js" name="Column.vue &gt; renders HTML" time="0.058">
        </testcase>
        <testcase classname="test/unit/suites/components/layout/Column.test.js" name="Column.vue &gt; always re-renders NodeView components" time="0.011">
        </testcase>
        <testcase classname="test/unit/suites/components/layout/Column.test.js" name="Column.vue &gt; always renders column without col padding if no web node is present" time="0.016">
        </testcase>
    </testsuite>
    <testsuite name="test/unit/suites/components/layout/DialogLayout.test.js" timestamp="2023-03-09T15:52:06.468Z" hostname="baernrep-Precision-5550" tests="5" failures="0" errors="0" skipped="0" time="0.099">
        <testcase classname="test/unit/suites/components/layout/DialogLayout.test.js" name="DialogLayout.vue &gt; renders" time="0.045">
        </testcase>
        <testcase classname="test/unit/suites/components/layout/DialogLayout.test.js" name="DialogLayout.vue &gt; renders view and dialog" time="0.011">
        </testcase>
        <testcase classname="test/unit/suites/components/layout/DialogLayout.test.js" name="DialogLayout.vue &gt; displays Messages from the alert store" time="0.017">
        </testcase>
        <testcase classname="test/unit/suites/components/layout/DialogLayout.test.js" name="DialogLayout.vue &gt; formats alerts into the expected Messages format" time="0.004">
        </testcase>
        <testcase classname="test/unit/suites/components/layout/DialogLayout.test.js" name="DialogLayout.vue &gt; closes Messages using the alert store" time="0.01">
        </testcase>
    </testsuite>
    <testsuite name="test/unit/suites/components/layout/Layout.test.js" timestamp="2023-03-09T15:52:06.469Z" hostname="baernrep-Precision-5550" tests="2" failures="0" errors="0" skipped="0" time="0.092">
        <testcase classname="test/unit/suites/components/layout/Layout.test.js" name="Layout.vue &gt; renders" time="0.047">
        </testcase>
        <testcase classname="test/unit/suites/components/layout/Layout.test.js" name="Layout.vue &gt; renders rows" time="0.012">
        </testcase>
    </testsuite>
    <testsuite name="test/unit/suites/components/layout/NodeView.test.js" timestamp="2023-03-09T15:52:06.470Z" hostname="baernrep-Precision-5550" tests="15" failures="0" errors="0" skipped="0" time="0.219">
        <testcase classname="test/unit/suites/components/layout/NodeView.test.js" name="NodeView.vue &gt; renders" time="0.033">
        </testcase>
        <testcase classname="test/unit/suites/components/layout/NodeView.test.js" name="NodeView.vue &gt; composes nodeIds conditionally based on the projectRelativePageIDSuffix" time="0.021">
        </testcase>
        <testcase classname="test/unit/suites/components/layout/NodeView.test.js" name="NodeView.vue &gt; conditional rendering &gt; renders views as WebNodes" time="0.012">
        </testcase>
        <testcase classname="test/unit/suites/components/layout/NodeView.test.js" name="NodeView.vue &gt; conditional rendering &gt; renders views as UI extension" time="0.013">
        </testcase>
        <testcase classname="test/unit/suites/components/layout/NodeView.test.js" name="NodeView.vue &gt; conditional rendering &gt; checks that UI extensions in single view have the singleView class" time="0.017">
        </testcase>
        <testcase classname="test/unit/suites/components/layout/NodeView.test.js" name="NodeView.vue &gt; conditional rendering &gt; Make sure single-view class is not set on preview" time="0.012">
        </testcase>
        <testcase classname="test/unit/suites/components/layout/NodeView.test.js" name="NodeView.vue &gt; conditional rendering &gt; renders not displayable web nodes" time="0.015">
        </testcase>
        <testcase classname="test/unit/suites/components/layout/NodeView.test.js" name="NodeView.vue &gt; conditional rendering &gt; renders view executable when nodeView is not executed" time="0.026">
        </testcase>
        <testcase classname="test/unit/suites/components/layout/NodeView.test.js" name="NodeView.vue &gt; conditional rendering &gt; renders view executable when model settings are dirty" time="0.011">
        </testcase>
        <testcase classname="test/unit/suites/components/layout/NodeView.test.js" name="NodeView.vue &gt; conditional rendering &gt; always renders the node dialog" time="0.004">
        </testcase>
        <testcase classname="test/unit/suites/components/layout/NodeView.test.js" name="NodeView.vue &gt; conditional rendering &gt; renders notDisplayable component for UI-Extensions when in configured state on Webportal" time="0.004">
        </testcase>
        <testcase classname="test/unit/suites/components/layout/NodeView.test.js" name="NodeView.vue &gt; conditional rendering &gt; renders nothing if no view available" time="0.003">
        </testcase>
        <testcase classname="test/unit/suites/components/layout/NodeView.test.js" name="NodeView.vue &gt; re-execution handling &gt; detects if the node is currently (re)executing via node state" time="0.004">
        </testcase>
        <testcase classname="test/unit/suites/components/layout/NodeView.test.js" name="NodeView.vue &gt; re-execution handling &gt; detects if the node is currently (re)executing via re-executing node ids" time="0.004">
        </testcase>
        <testcase classname="test/unit/suites/components/layout/NodeView.test.js" name="NodeView.vue &gt; re-execution handling &gt; decides when to show a spinner on executing content via updateCount" time="0.004">
        </testcase>
    </testsuite>
    <testsuite name="test/unit/suites/components/layout/Row.test.js" timestamp="2023-03-09T15:52:06.474Z" hostname="baernrep-Precision-5550" tests="3" failures="0" errors="0" skipped="0" time="0.075">
        <testcase classname="test/unit/suites/components/layout/Row.test.js" name="Row.vue &gt; renders without classes and styles" time="0.03">
        </testcase>
        <testcase classname="test/unit/suites/components/layout/Row.test.js" name="Row.vue &gt; renders with classes and styles" time="0.013">
        </testcase>
        <testcase classname="test/unit/suites/components/layout/Row.test.js" name="Row.vue &gt; renders columns" time="0.012">
        </testcase>
    </testsuite>
</testsuites>
